ConsoleApplication1.obj : error LNK2019: unresolved external symbol __imp__getError referenced in function "void __cdecl AveragingAndImagingSpeed(void)" (?AveragingAndImagingSpeed@@YAXXZ)
ConsoleApplication1.obj : error LNK2019: unresolved external symbol __imp__createRawData referenced in function "void __cdecl AveragingAndImagingSpeed(void)" (?AveragingAndImagingSpeed@@YAXXZ)
ConsoleApplication1.obj : error LNK2019: unresolved external symbol __imp__clearRawData referenced in function "void __cdecl AveragingAndImagingSpeed(void)" (?AveragingAndImagingSpeed@@YAXXZ)
ConsoleApplication1.obj : error LNK2019: unresolved external symbol __imp__createData referenced in function "void __cdecl AveragingAndImagingSpeed(void)" (?AveragingAndImagingSpeed@@YAXXZ)
ConsoleApplication1.obj : error LNK2019: unresolved external symbol __imp__clearData referenced in function "void __cdecl AveragingAndImagingSpeed(void)" (?AveragingAndImagingSpeed@@YAXXZ)
ConsoleApplication1.obj : error LNK2019: unresolved external symbol __imp__initDevice referenced in function "void __cdecl AveragingAndImagingSpeed(void)" (?AveragingAndImagingSpeed@@YAXXZ)
ConsoleApplication1.obj : error LNK2019: unresolved external symbol __imp__closeDevice referenced in function "void __cdecl AveragingAndImagingSpeed(void)" (?AveragingAndImagingSpeed@@YAXXZ)
ConsoleApplication1.obj : error LNK2019: unresolved external symbol __imp__setDevicePreset referenced in function "void __cdecl AveragingAndImagingSpeed(void)" (?AveragingAndImagingSpeed@@YAXXZ)
ConsoleApplication1.obj : error LNK2019: unresolved external symbol __imp__getDevicePresetDescription referenced in function "void __cdecl AveragingAndImagingSpeed(void)" (?AveragingAndImagingSpeed@@YAXXZ)
ConsoleApplication1.obj : error LNK2019: unresolved external symbol __imp__getNumberOfDevicePresets referenced in function "void __cdecl AveragingAndImagingSpeed(void)" (?AveragingAndImagingSpeed@@YAXXZ)
ConsoleApplication1.obj : error LNK2019: unresolved external symbol __imp__initProbe referenced in function "void __cdecl AveragingAndImagingSpeed(void)" (?AveragingAndImagingSpeed@@YAXXZ)
ConsoleApplication1.obj : error LNK2019: unresolved external symbol __imp__setProbeParameterInt referenced in function "void __cdecl AveragingAndImagingSpeed(void)" (?AveragingAndImagingSpeed@@YAXXZ)
ConsoleApplication1.obj : error LNK2019: unresolved external symbol __imp__closeProbe referenced in function "void __cdecl AveragingAndImagingSpeed(void)" (?AveragingAndImagingSpeed@@YAXXZ)
ConsoleApplication1.obj : error LNK2019: unresolved external symbol __imp__createBScanPattern referenced in function "void __cdecl AveragingAndImagingSpeed(void)" (?AveragingAndImagingSpeed@@YAXXZ)
ConsoleApplication1.obj : error LNK2019: unresolved external symbol __imp__createVolumePattern referenced in function "void __cdecl VolumeScanPattern(void)" (?VolumeScanPattern@@YAXXZ)
ConsoleApplication1.obj : error LNK2019: unresolved external symbol __imp__rotateScanPattern referenced in function "void __cdecl ModifyScanPatterns(void)" (?ModifyScanPatterns@@YAXXZ)
ConsoleApplication1.obj : error LNK2019: unresolved external symbol __imp__shiftScanPattern referenced in function "void __cdecl ModifyScanPatterns(void)" (?ModifyScanPatterns@@YAXXZ)
ConsoleApplication1.obj : error LNK2019: unresolved external symbol __imp__zoomScanPattern referenced in function "void __cdecl ModifyScanPatterns(void)" (?ModifyScanPatterns@@YAXXZ)
ConsoleApplication1.obj : error LNK2019: unresolved external symbol __imp__clearScanPattern referenced in function "void __cdecl AveragingAndImagingSpeed(void)" (?AveragingAndImagingSpeed@@YAXXZ)
ConsoleApplication1.obj : error LNK2019: unresolved external symbol __imp__startMeasurement referenced in function "void __cdecl AveragingAndImagingSpeed(void)" (?AveragingAndImagingSpeed@@YAXXZ)
ConsoleApplication1.obj : error LNK2019: unresolved external symbol __imp__getRawData referenced in function "void __cdecl AveragingAndImagingSpeed(void)" (?AveragingAndImagingSpeed@@YAXXZ)
ConsoleApplication1.obj : error LNK2019: unresolved external symbol __imp__stopMeasurement referenced in function "void __cdecl AveragingAndImagingSpeed(void)" (?AveragingAndImagingSpeed@@YAXXZ)
ConsoleApplication1.obj : error LNK2019: unresolved external symbol __imp__createProcessingForDevice referenced in function "void __cdecl AveragingAndImagingSpeed(void)" (?AveragingAndImagingSpeed@@YAXXZ)
ConsoleApplication1.obj : error LNK2019: unresolved external symbol __imp__setProcessingParameterInt referenced in function "void __cdecl AveragingAndImagingSpeed(void)" (?AveragingAndImagingSpeed@@YAXXZ)
ConsoleApplication1.obj : error LNK2019: unresolved external symbol __imp__setProcessedDataOutput referenced in function "void __cdecl AveragingAndImagingSpeed(void)" (?AveragingAndImagingSpeed@@YAXXZ)
ConsoleApplication1.obj : error LNK2019: unresolved external symbol __imp__executeProcessing referenced in function "void __cdecl AveragingAndImagingSpeed(void)" (?AveragingAndImagingSpeed@@YAXXZ)
ConsoleApplication1.obj : error LNK2019: unresolved external symbol __imp__clearProcessing referenced in function "void __cdecl AveragingAndImagingSpeed(void)" (?AveragingAndImagingSpeed@@YAXXZ)
ConsoleApplication1.obj : error LNK2019: unresolved external symbol __imp__exportData referenced in function "void __cdecl ExportDataAndImage(void)" (?ExportDataAndImage@@YAXXZ)
ConsoleApplication1.obj : error LNK2019: unresolved external symbol __imp__exportDataAsImage referenced in function "void __cdecl AveragingAndImagingSpeed(void)" (?AveragingAndImagingSpeed@@YAXXZ)
ConsoleApplication1.obj : error LNK2019: unresolved external symbol __imp__exportRawData referenced in function "void __cdecl ExportDataAndImage(void)" (?ExportDataAndImage@@YAXXZ)
ConsoleApplication1.obj : error LNK2019: unresolved external symbol __imp__appendRawData referenced in function "void __cdecl VolumeScanPattern(void)" (?VolumeScanPattern@@YAXXZ)
ConsoleApplication1.obj : error LNK2019: unresolved external symbol __imp__appendData referenced in function "void __cdecl VolumeScanPattern(void)" (?VolumeScanPattern@@YAXXZ)
ConsoleApplication1.obj : error LNK2019: unresolved external symbol __imp__createColoring32Bit referenced in function "void __cdecl AveragingAndImagingSpeed(void)" (?AveragingAndImagingSpeed@@YAXXZ)
ConsoleApplication1.obj : error LNK2019: unresolved external symbol __imp__setColoringBoundaries referenced in function "void __cdecl AveragingAndImagingSpeed(void)" (?AveragingAndImagingSpeed@@YAXXZ)
C:\Ajay_OCT\ConsoleApplication1\Dependecncies\SpectralRadar\lib\RenderingLibrary.lib : warning LNK4272: library machine type 'x64' conflicts with target machine type 'x86'
C:\Ajay_OCT\ConsoleApplication1\Dependecncies\SpectralRadar\lib\SpectralRadar.lib : warning LNK4272: library machine type 'x64' conflicts with target machine type 'x86'
C:\Ajay_OCT\ConsoleApplication1\bin\Win32\Debug\ConsoleApplication1.exe : fatal error LNK1120: 34 unresolved externals
